<?xml version="1.0" encoding="UTF-8"?>
<!-- Generated by org.testng.reporters.JUnitXMLReporter -->
<testsuite hostname="LAPTOP-OFBLMIDL" ignored="0" name="Test1" tests="3" failures="0" timestamp="2022-03-26T11:04:47 AEDT" time="2.46" errors="0">
  <testcase name="@BeforeTest setUp" time="2.369" classname="Test.TestNGDemo">
    <failure type="org.openqa.selenium.SessionNotCreatedException" message="session not created: This version of ChromeDriver only supports Chrome version 93
Current browser version is 99.0.4844.74 with binary path C:\Program Files (x86)\Google\Chrome\Application\chrome.exe
Build info: version: &amp;apos;3.141.59&amp;apos;, revision: &amp;apos;e82be7d358&amp;apos;, time: &amp;apos;2018-11-14T08:17:03&amp;apos;
System info: host: &amp;apos;LAPTOP-OFBLMIDL&amp;apos;, ip: &amp;apos;192.168.1.31&amp;apos;, os.name: &amp;apos;Windows 10&amp;apos;, os.arch: &amp;apos;amd64&amp;apos;, os.version: &amp;apos;10.0&amp;apos;, java.version: &amp;apos;1.8.0_291&amp;apos;
Driver info: driver.version: ChromeDriver
remote stacktrace: Backtrace:
	Ordinal0 [0x0089D403+2479107]
	Ordinal0 [0x00837D51+2063697]
	Ordinal0 [0x007420C8+1056968]
	Ordinal0 [0x0076043A+1180730]
	Ordinal0 [0x0075C355+1164117]
	Ordinal0 [0x00759B7F+1153919]
	Ordinal0 [0x00789CBF+1350847]
	Ordinal0 [0x0078992A+1349930]
	Ordinal0 [0x0078583B+1333307]
	Ordinal0 [0x00761F94+1187732]
	Ordinal0 [0x00762DE9+1191401]
	GetHandleVerifier [0x00A1F3F6+1531734]
	GetHandleVerifier [0x00ACE9AE+2249998]
	GetHandleVerifier [0x009239AB+501003]
	GetHandleVerifier [0x00922A29+497033]
	Ordinal0 [0x0083D11D+2085149]
	Ordinal0 [0x008411C8+2101704]
	Ordinal0 [0x00841302+2102018]
	Ordinal0 [0x0084AA71+2140785]
	BaseThreadInitThunk [0x7532FA29+25]
	RtlGetAppContainerNamedObjectPath [0x770F7A7E+286]
	RtlGetAppContainerNamedObjectPath [0x770F7A4E+238]
">
      <![CDATA[org.openqa.selenium.SessionNotCreatedException: session not created: This version of ChromeDriver only supports Chrome version 93
Current browser version is 99.0.4844.74 with binary path C:\Program Files (x86)\Google\Chrome\Application\chrome.exe
Build info: version: '3.141.59', revision: 'e82be7d358', time: '2018-11-14T08:17:03'
System info: host: 'LAPTOP-OFBLMIDL', ip: '192.168.1.31', os.name: 'Windows 10', os.arch: 'amd64', os.version: '10.0', java.version: '1.8.0_291'
Driver info: driver.version: ChromeDriver
remote stacktrace: Backtrace:
Ordinal0 [0x0089D403+2479107]
Ordinal0 [0x00837D51+2063697]
Ordinal0 [0x007420C8+1056968]
Ordinal0 [0x0076043A+1180730]
Ordinal0 [0x0075C355+1164117]
Ordinal0 [0x00759B7F+1153919]
Ordinal0 [0x00789CBF+1350847]
Ordinal0 [0x0078992A+1349930]
Ordinal0 [0x0078583B+1333307]
Ordinal0 [0x00761F94+1187732]
Ordinal0 [0x00762DE9+1191401]
GetHandleVerifier [0x00A1F3F6+1531734]
GetHandleVerifier [0x00ACE9AE+2249998]
GetHandleVerifier [0x009239AB+501003]
GetHandleVerifier [0x00922A29+497033]
Ordinal0 [0x0083D11D+2085149]
Ordinal0 [0x008411C8+2101704]
Ordinal0 [0x00841302+2102018]
Ordinal0 [0x0084AA71+2140785]
BaseThreadInitThunk [0x7532FA29+25]
RtlGetAppContainerNamedObjectPath [0x770F7A7E+286]
RtlGetAppContainerNamedObjectPath [0x770F7A4E+238]

at org.openqa.selenium.remote.W3CHandshakeResponse.lambda$errorHandler$0(W3CHandshakeResponse.java:62)
at org.openqa.selenium.remote.HandshakeResponse.lambda$getResponseFunction$0(HandshakeResponse.java:30)
at org.openqa.selenium.remote.ProtocolHandshake.lambda$createSession$0(ProtocolHandshake.java:126)
at java.util.stream.ReferencePipeline$3$1.accept(Unknown Source)
at java.util.Spliterators$ArraySpliterator.tryAdvance(Unknown Source)
at java.util.stream.ReferencePipeline.forEachWithCancel(Unknown Source)
at java.util.stream.AbstractPipeline.copyIntoWithCancel(Unknown Source)
at java.util.stream.AbstractPipeline.copyInto(Unknown Source)
at java.util.stream.AbstractPipeline.wrapAndCopyInto(Unknown Source)
at java.util.stream.FindOps$FindOp.evaluateSequential(Unknown Source)
at java.util.stream.AbstractPipeline.evaluate(Unknown Source)
at java.util.stream.ReferencePipeline.findFirst(Unknown Source)
at org.openqa.selenium.remote.ProtocolHandshake.createSession(ProtocolHandshake.java:128)
at org.openqa.selenium.remote.ProtocolHandshake.createSession(ProtocolHandshake.java:74)
at org.openqa.selenium.remote.HttpCommandExecutor.execute(HttpCommandExecutor.java:136)
at org.openqa.selenium.remote.service.DriverCommandExecutor.execute(DriverCommandExecutor.java:83)
at org.openqa.selenium.remote.RemoteWebDriver.execute(RemoteWebDriver.java:552)
at org.openqa.selenium.remote.RemoteWebDriver.startSession(RemoteWebDriver.java:213)
at org.openqa.selenium.remote.RemoteWebDriver.<init>(RemoteWebDriver.java:131)
at org.openqa.selenium.chrome.ChromeDriver.<init>(ChromeDriver.java:181)
at org.openqa.selenium.chrome.ChromeDriver.<init>(ChromeDriver.java:168)
at org.openqa.selenium.chrome.ChromeDriver.<init>(ChromeDriver.java:123)
at Test.TestNGDemo.setUp(TestNGDemo.java:28)
... Removed 28 stack frames]]>
    </failure>
  </testcase> <!-- @BeforeTest setUp -->
  <testcase name="@AfterTest tearDown" time="-1.648253087423E9" classname="Test.TestNGDemo">
    <skipped/>
  </testcase> <!-- @AfterTest tearDown -->
  <testcase name="test1" time="0.0" classname="Test.TestNGDemo">
    <skipped/>
  </testcase> <!-- test1 -->
  <testcase name="test2" time="0.0" classname="Test.TestNGDemo">
    <skipped/>
  </testcase> <!-- test2 -->
  <testcase name="testRun" time="0.0" classname="Test.TestNGDemo">
    <skipped/>
  </testcase> <!-- testRun -->
</testsuite> <!-- Test1 -->
